<?xml version="1.0" encoding="UTF-8"?>
<testng-results skipped="0" failed="0" ignored="0" total="1" passed="1">
  <reporter-output>
  </reporter-output>
  <suite name="Default suite" duration-ms="10477" started-at="2021-01-07T21:41:17Z" finished-at="2021-01-07T21:41:28Z">
    <groups>
    </groups>
    <test name="Default test" duration-ms="10477" started-at="2021-01-07T21:41:17Z" finished-at="2021-01-07T21:41:28Z">
      <class name="com.qa.iceland.test.SigninTest">
        <test-method status="PASS" signature="login_test()[pri:0, instance:com.qa.iceland.test.SigninTest@68c4039c]" name="login_test" duration-ms="10447" started-at="2021-01-07T21:41:17Z" finished-at="2021-01-07T21:41:28Z">
          <reporter-output>
          </reporter-output>
        </test-method> <!-- login_test -->
      </class> <!-- com.qa.iceland.test.SigninTest -->
    </test> <!-- Default test -->
  </suite> <!-- Default suite -->
</testng-results>
